{"level":"info","message":"Server running on port 5000","timestamp":"2024-07-30T16:32:23.094Z"}
{"level":"info","message":"Server running on port 5000","timestamp":"2024-07-30T16:32:34.882Z"}
{"level":"info","message":"Server running on port 5000","timestamp":"2024-07-30T16:32:53.791Z"}
{"level":"info","message":"Server running on port 5000","timestamp":"2024-07-30T16:34:29.715Z"}
{"level":"info","message":"Server running on port 5000","timestamp":"2024-07-30T17:13:53.163Z"}
{"level":"info","message":"Server running on port 5000","timestamp":"2024-07-30T17:16:12.896Z"}
{"level":"info","message":"Server running on port 5000","timestamp":"2024-07-30T17:16:42.871Z"}
{"level":"info","message":"Server running on port 5000","timestamp":"2024-07-30T17:17:32.871Z"}
{"level":"info","message":"Server running on port 5000","timestamp":"2024-07-30T17:24:19.052Z"}
{"level":"info","message":"Server running on port 5000","timestamp":"2024-07-30T17:24:23.884Z"}
{"level":"info","message":"Server running on port 5000","timestamp":"2024-07-30T17:24:33.165Z"}
{"level":"info","message":"Server running on port 5000","timestamp":"2024-07-30T17:24:54.618Z"}
{"level":"info","message":"Server running on port 5000","timestamp":"2024-07-30T17:27:11.837Z"}
{"level":"info","message":"Server running on port 5000","timestamp":"2024-07-30T17:27:15.278Z"}
{"level":"info","message":"Server running on port 5000","timestamp":"2024-07-30T17:27:17.703Z"}
{"level":"info","message":"Server running on port 5000","timestamp":"2024-07-30T17:27:22.456Z"}
{"level":"info","message":"Server running on port 5000","timestamp":"2024-07-30T17:27:26.326Z"}
{"level":"info","message":"Server running on port 5000","timestamp":"2024-07-30T17:27:27.576Z"}
{"level":"info","message":"Server running on port 5000","timestamp":"2024-07-30T17:27:28.980Z"}
{"level":"info","message":"Server running on port 5000","timestamp":"2024-07-30T17:27:30.857Z"}
{"level":"info","message":"Server running on port 5000","timestamp":"2024-07-30T17:27:32.975Z"}
{"level":"info","message":"Server running on port 5000","timestamp":"2024-07-30T17:27:35.214Z"}
{"level":"info","message":"Server running on port 5000","timestamp":"2024-07-30T17:27:36.410Z"}
{"level":"info","message":"Server running on port 5000","timestamp":"2024-07-30T17:27:39.988Z"}
{"level":"info","message":"Server running on port 5000","timestamp":"2024-07-30T17:27:47.932Z"}
{"level":"info","message":"Server running on port 5000","timestamp":"2024-07-30T17:27:52.506Z"}
{"level":"info","message":"Server running on port 5000","timestamp":"2024-07-30T17:27:55.691Z"}
{"level":"info","message":"Server running on port 5000","timestamp":"2024-07-30T17:27:57.369Z"}
{"level":"info","message":"Server running on port 5000","timestamp":"2024-07-30T17:28:30.491Z"}
{"level":"info","message":"Server running on port 5000","timestamp":"2024-07-30T17:28:35.079Z"}
{"level":"info","message":"Server running on port 5000","timestamp":"2024-07-30T17:28:37.403Z"}
{"level":"info","message":"Server running on port 5000","timestamp":"2024-07-30T17:29:19.661Z"}
{"level":"info","message":"Server running on port 5000","timestamp":"2024-07-30T17:29:22.794Z"}
{"level":"info","message":"Server running on port 5000","timestamp":"2024-07-30T17:29:28.086Z"}
{"level":"info","message":"Server running on port 5000","timestamp":"2024-07-30T17:30:20.808Z"}
{"level":"info","message":"Server running on port 5000","timestamp":"2024-07-30T17:30:23.297Z"}
{"level":"info","message":"Server running on port 5000","timestamp":"2024-07-30T17:30:24.474Z"}
{"level":"info","message":"Server running on port 5000","timestamp":"2024-07-30T17:30:26.214Z"}
{"level":"info","message":"Server running on port 5000","timestamp":"2024-07-30T17:30:36.042Z"}
{"level":"info","message":"Server running on port 5000","timestamp":"2024-07-30T17:30:46.841Z"}
{"level":"info","message":"Server running on port 5000","timestamp":"2024-07-30T17:31:45.504Z"}
{"level":"info","message":"Server running on port 5000","timestamp":"2024-07-30T17:31:53.393Z"}
{"level":"info","message":"Server running on port 5000","timestamp":"2024-07-30T17:32:06.983Z"}
{"level":"info","message":"Server running on port 5000","timestamp":"2024-07-30T17:32:45.480Z"}
{"level":"info","message":"Server running on port 5000","timestamp":"2024-07-30T17:32:47.809Z"}
{"level":"info","message":"Server running on port 5000","timestamp":"2024-07-30T17:33:03.187Z"}
{"level":"info","message":"Server running on port 5000","timestamp":"2024-07-30T17:33:14.843Z"}
{"level":"info","message":"Server running on port 5000","timestamp":"2024-07-30T17:33:37.557Z"}
{"level":"info","message":"Server running on port 5000","timestamp":"2024-07-30T17:33:53.259Z"}
{"level":"info","message":"Server running on port 5000","timestamp":"2024-07-30T17:34:06.415Z"}
{"level":"info","message":"Server running on port 5000","timestamp":"2024-07-30T17:34:12.496Z"}
{"level":"info","message":"Server running on port 5000","timestamp":"2024-07-30T17:35:59.052Z"}
{"level":"info","message":"Server running on port 5000","timestamp":"2024-07-30T17:36:09.346Z"}
{"level":"info","message":"Server running on port 5000","timestamp":"2024-07-30T17:36:12.419Z"}
{"level":"info","message":"Server running on port 5000","timestamp":"2024-07-30T17:37:53.040Z"}
{"level":"info","message":"Server running on port 5000","timestamp":"2024-07-30T17:38:04.046Z"}
{"level":"info","message":"Server running on port 5000","timestamp":"2024-07-30T17:39:56.798Z"}
{"level":"info","message":"Server running on port 5000","timestamp":"2024-07-30T17:40:09.852Z"}
{"level":"info","message":"Server running on port 5000","timestamp":"2024-07-30T17:40:11.921Z"}
{"level":"info","message":"Server running on port 5000","timestamp":"2024-07-30T17:40:32.407Z"}
{"level":"info","message":"Server running on port 5000","timestamp":"2024-07-30T17:45:27.022Z"}
{"level":"info","message":"Server running on port 5000","timestamp":"2024-07-30T17:45:39.948Z"}
{"level":"info","message":"Server running on port 5000","timestamp":"2024-07-30T17:45:44.352Z"}
{"level":"info","message":"Server running on port 5000","timestamp":"2024-07-30T17:45:46.467Z"}
{"level":"info","message":"Server running on port 5000","timestamp":"2024-07-30T17:45:53.256Z"}
{"level":"info","message":"Server running on port 5000","timestamp":"2024-07-30T17:45:57.673Z"}
{"level":"info","message":"Server running on port 5000","timestamp":"2024-07-30T17:45:59.269Z"}
{"level":"info","message":"Server running on port 5000","timestamp":"2024-07-30T17:46:00.276Z"}
{"level":"info","message":"Server running on port 5000","timestamp":"2024-07-30T17:46:03.224Z"}
{"level":"info","message":"Server running on port 5000","timestamp":"2024-07-30T17:46:05.627Z"}
{"level":"info","message":"Server running on port 5000","timestamp":"2024-07-30T17:46:14.524Z"}
{"level":"info","message":"Server running on port 5000","timestamp":"2024-07-30T17:46:18.357Z"}
{"level":"info","message":"Server running on port 5000","timestamp":"2024-07-30T17:46:20.643Z"}
{"level":"info","message":"Server running on port 5000","timestamp":"2024-07-30T17:46:23.788Z"}
{"level":"info","message":"Server running on port 5000","timestamp":"2024-07-30T17:46:30.623Z"}
{"level":"info","message":"Server running on port 5000","timestamp":"2024-07-30T17:46:34.513Z"}
{"level":"info","message":"Server running on port 5000","timestamp":"2024-07-30T17:46:37.855Z"}
{"level":"info","message":"Server running on port 5000","timestamp":"2024-07-30T17:46:39.977Z"}
{"level":"info","message":"Server running on port 5000","timestamp":"2024-07-30T17:46:42.336Z"}
{"level":"info","message":"Server running on port 5000","timestamp":"2024-07-30T17:46:45.686Z"}
{"level":"info","message":"Server running on port 5000","timestamp":"2024-07-30T17:46:49.124Z"}
{"level":"info","message":"Server running on port 5000","timestamp":"2024-07-30T17:49:16.473Z"}
{"level":"info","message":"Server running on port 5000","timestamp":"2024-07-30T17:49:32.388Z"}
{"level":"info","message":"Server running on port 5000","timestamp":"2024-07-30T17:49:35.388Z"}
{"level":"info","message":"Server running on port 5000","timestamp":"2024-07-30T17:49:54.728Z"}
{"level":"info","message":"Server running on port 5000","timestamp":"2024-07-30T17:50:05.275Z"}
{"level":"info","message":"Server running on port 5000","timestamp":"2024-07-30T17:50:11.504Z"}
{"level":"info","message":"Server running on port 5000","timestamp":"2024-07-30T17:54:23.984Z"}
{"level":"info","message":"Server running on port 5000","timestamp":"2024-07-30T17:54:37.090Z"}
{"level":"info","message":"Server running on port 5000","timestamp":"2024-07-30T17:54:39.513Z"}
{"level":"info","message":"Server running on port 5000","timestamp":"2024-07-30T17:55:23.123Z"}
{"level":"info","message":"Server running on port 5000","timestamp":"2024-07-30T17:55:34.776Z"}
{"level":"info","message":"Server running on port 5000","timestamp":"2024-07-30T17:55:42.808Z"}
{"level":"info","message":"Server running on port 5000","timestamp":"2024-07-30T17:55:44.202Z"}
{"level":"info","message":"Server running on port 5000","timestamp":"2024-07-30T17:55:50.069Z"}
{"level":"info","message":"Server running on port 5000","timestamp":"2024-07-30T17:55:53.608Z"}
{"level":"info","message":"Server running on port 5000","timestamp":"2024-07-30T17:55:59.305Z"}
{"level":"info","message":"Server running on port 5000","timestamp":"2024-07-30T17:56:07.740Z"}
{"level":"info","message":"Server running on port 5000","timestamp":"2024-07-30T17:56:14.763Z"}
{"level":"info","message":"Server running on port 5000","timestamp":"2024-07-30T17:56:22.210Z"}
{"level":"info","message":"Server running on port 5000","timestamp":"2024-07-30T17:57:00.717Z"}
{"level":"info","message":"Server running on port 5000","timestamp":"2024-07-30T17:57:10.996Z"}
{"level":"info","message":"Server running on port 5000","timestamp":"2024-07-30T17:57:13.431Z"}
{"level":"info","message":"Server running on port 5000","timestamp":"2024-07-30T17:57:16.858Z"}
{"level":"info","message":"Server running on port 5000","timestamp":"2024-07-30T17:57:23.221Z"}
{"level":"info","message":"Server running on port 5000","timestamp":"2024-07-30T17:57:36.062Z"}
{"level":"info","message":"Server running on port 5000","timestamp":"2024-07-30T17:57:40.159Z"}
{"level":"info","message":"Server running on port 5000","timestamp":"2024-07-30T17:57:41.812Z"}
{"level":"info","message":"Server running on port 5000","timestamp":"2024-07-30T17:57:43.501Z"}
{"level":"info","message":"Server running on port 5000","timestamp":"2024-07-30T17:57:47.827Z"}
{"level":"info","message":"Server running on port 5000","timestamp":"2024-07-30T17:57:49.702Z"}
{"level":"info","message":"Server running on port 5000","timestamp":"2024-07-30T17:58:15.369Z"}
{"level":"info","message":"Server running on port 5000","timestamp":"2024-07-30T17:58:28.410Z"}
{"level":"info","message":"Server running on port 5000","timestamp":"2024-07-30T17:59:07.804Z"}
{"level":"info","message":"Server running on port 5000","timestamp":"2024-07-30T17:59:35.778Z"}
{"level":"info","message":"Server running on port 5000","timestamp":"2024-07-30T17:59:37.721Z"}
{"level":"info","message":"Server running on port 5000","timestamp":"2024-07-30T17:59:50.242Z"}
{"level":"info","message":"Server running on port 5000","timestamp":"2024-07-30T17:59:54.562Z"}
{"level":"info","message":"Server running on port 5000","timestamp":"2024-07-30T18:00:29.657Z"}
{"level":"info","message":"Server running on port 5000","timestamp":"2024-07-30T18:00:31.723Z"}
{"level":"info","message":"Server running on port 5000","timestamp":"2024-07-30T18:00:33.776Z"}
{"level":"info","message":"Server running on port 5000","timestamp":"2024-07-30T18:00:43.960Z"}
{"level":"info","message":"Server running on port 5000","timestamp":"2024-07-30T18:00:45.919Z"}
{"level":"info","message":"Server running on port 5000","timestamp":"2024-07-30T18:01:29.381Z"}
{"level":"info","message":"Server running on port 5000","timestamp":"2024-07-30T18:01:35.270Z"}
{"level":"info","message":"Server running on port 5000","timestamp":"2024-07-30T18:04:46.877Z"}
{"level":"info","message":"Server running on port 5000","timestamp":"2024-07-30T18:04:52.314Z"}
{"level":"info","message":"Server running on port 5000","timestamp":"2024-07-30T18:05:13.575Z"}
{"level":"info","message":"Server running on port 5000","timestamp":"2024-07-30T18:05:17.029Z"}
{"level":"info","message":"Server running on port 5000","timestamp":"2024-07-30T18:05:19.124Z"}
{"level":"info","message":"Server running on port 5000","timestamp":"2024-07-30T18:06:18.968Z"}
{"level":"info","message":"Server running on port 5000","timestamp":"2024-07-30T18:08:32.106Z"}
{"level":"info","message":"Server running on port 5000","timestamp":"2024-07-30T18:08:34.383Z"}
{"level":"info","message":"Server running on port 5000","timestamp":"2024-07-30T18:08:38.380Z"}
{"level":"info","message":"Server running on port 5000","timestamp":"2024-07-30T18:08:59.744Z"}
{"level":"info","message":"Server running on port 5000","timestamp":"2024-07-30T18:09:06.502Z"}
{"level":"info","message":"Server running on port 5000","timestamp":"2024-07-30T18:09:07.488Z"}
{"level":"info","message":"Server running on port 5000","timestamp":"2024-07-30T18:09:30.064Z"}
{"level":"info","message":"Server running on port 5000","timestamp":"2024-07-30T18:09:33.538Z"}
{"level":"info","message":"Server running on port 5000","timestamp":"2024-07-30T18:09:51.020Z"}
{"level":"info","message":"","timestamp":"2024-07-30T18:09:52.234Z"}
{"level":"info","message":"Server running on port 5000","timestamp":"2024-07-30T18:09:56.610Z"}
{"level":"info","message":"Database connected","timestamp":"2024-07-30T18:09:57.634Z"}
{"level":"info","message":"Server running on port 5000","timestamp":"2024-07-30T18:10:09.853Z"}
{"level":"info","message":"Database connected","timestamp":"2024-07-30T18:10:10.991Z"}
{"level":"info","message":"Server running on port 5000","timestamp":"2024-07-30T18:10:13.110Z"}
{"level":"info","message":"Database connected at ","timestamp":"2024-07-30T18:10:14.099Z"}
{"level":"info","message":"Server running on port 5000","timestamp":"2024-07-30T18:10:31.581Z"}
{"level":"info","message":"Database connected at ac-8ptmyz2-shard-00-00.rrun5ta.mongodb.net","timestamp":"2024-07-30T18:10:32.628Z"}
{"level":"info","message":"Server running on port 5000","timestamp":"2024-07-30T18:11:30.918Z"}
{"level":"info","message":"Database connected at ac-8ptmyz2-shard-00-00.rrun5ta.mongodb.net","timestamp":"2024-07-30T18:11:31.971Z"}
{"level":"info","message":"Server running on port 5000","timestamp":"2024-07-30T18:12:13.571Z"}
{"level":"info","message":"Database connected at ac-8ptmyz2-shard-00-00.rrun5ta.mongodb.net","timestamp":"2024-07-30T18:12:14.904Z"}
{"level":"info","message":"Server running on port 5000","timestamp":"2024-07-30T18:12:19.174Z"}
{"level":"info","message":"Server running on port 5000","timestamp":"2024-07-30T18:12:20.626Z"}
{"level":"info","message":"Database connected at ac-8ptmyz2-shard-00-00.rrun5ta.mongodb.net","timestamp":"2024-07-30T18:12:21.594Z"}
{"level":"info","message":"Server running on port 5000","timestamp":"2024-07-30T18:12:22.667Z"}
{"level":"info","message":"Database connected at ac-8ptmyz2-shard-00-00.rrun5ta.mongodb.net","timestamp":"2024-07-30T18:12:23.660Z"}
{"level":"info","message":"Server running on port 5000","timestamp":"2024-07-30T18:12:31.282Z"}
{"level":"info","message":"Database connected at ac-8ptmyz2-shard-00-00.rrun5ta.mongodb.net","timestamp":"2024-07-30T18:12:32.318Z"}
{"level":"info","message":"Server running on port 5000","timestamp":"2024-07-30T18:12:46.499Z"}
{"level":"info","message":"Database connected at ac-8ptmyz2-shard-00-00.rrun5ta.mongodb.net","timestamp":"2024-07-30T18:12:47.893Z"}
{"level":"info","message":"Server running on port 5000","timestamp":"2024-07-30T18:12:51.953Z"}
{"level":"info","message":"Server running on port 5000","timestamp":"2024-07-30T18:12:54.824Z"}
{"level":"error","message":"Database connection failed","timestamp":"2024-07-30T18:12:55.861Z"}
{"level":"info","message":"Server running on port 5000","timestamp":"2024-07-30T18:12:57.111Z"}
{"level":"info","message":"Server running on port 5000","timestamp":"2024-07-30T18:12:58.502Z"}
{"level":"error","message":"Database connection failed","timestamp":"2024-07-30T18:12:59.564Z"}
{"level":"info","message":"Server running on port 5000","timestamp":"2024-07-30T18:13:32.553Z"}
{"level":"error","message":"Database connection failed","timestamp":"2024-07-30T18:13:33.979Z"}
{"level":"info","message":"Server running on port 5000","timestamp":"2024-07-30T18:13:34.696Z"}
{"level":"error","message":"Database connection failed","timestamp":"2024-07-30T18:13:35.730Z"}
{"level":"info","message":"Server running on port 5000","timestamp":"2024-07-30T18:13:39.871Z"}
{"level":"error","message":"Database connection failed","timestamp":"2024-07-30T18:13:41.044Z"}
{"level":"info","message":"Server running on port 5000","timestamp":"2024-07-30T18:13:45.248Z"}
{"level":"info","message":"Server running on port 5000","timestamp":"2024-07-30T18:13:49.612Z"}
{"level":"error","message":"Database connection failed","timestamp":"2024-07-30T18:13:50.595Z"}
{"level":"info","message":"Server running on port 5000","timestamp":"2024-07-30T18:13:58.356Z"}
{"level":"error","message":"Database connection failed","timestamp":"2024-07-30T18:13:59.446Z"}
{"level":"info","message":"Server running on port 5000","timestamp":"2024-07-30T18:14:01.630Z"}
{"level":"error","message":"Database connection failed","timestamp":"2024-07-30T18:14:02.641Z"}
{"level":"info","message":"Server running on port 5000","timestamp":"2024-07-30T18:14:08.973Z"}
{"level":"error","message":"Database connection failed","timestamp":"2024-07-30T18:14:10.106Z"}
{"level":"info","message":"Server running on port 5000","timestamp":"2024-07-30T18:14:13.087Z"}
{"level":"info","message":"Server running on port 5000","timestamp":"2024-07-30T18:14:14.644Z"}
{"level":"error","message":"Database connection failed","timestamp":"2024-07-30T18:14:15.571Z"}
{"level":"info","message":"Server running on port 5000","timestamp":"2024-07-30T18:14:21.289Z"}
{"level":"error","message":"Database connection failed","timestamp":"2024-07-30T18:14:22.390Z"}
{"level":"info","message":"Server running on port 5000","timestamp":"2024-07-30T18:14:23.271Z"}
{"level":"error","message":"Database connection failed","timestamp":"2024-07-30T18:14:24.270Z"}
{"level":"info","message":"Server running on port 5000","timestamp":"2024-07-30T18:14:30.367Z"}
{"level":"info","message":"Server running on port 5000","timestamp":"2024-07-30T18:14:33.157Z"}
{"level":"info","message":"Server running on port 5000","timestamp":"2024-07-30T18:14:34.615Z"}
{"level":"error","message":"Database connection failed","timestamp":"2024-07-30T18:14:35.836Z"}
{"level":"info","message":"Server running on port 5000","timestamp":"2024-07-30T18:14:44.681Z"}
{"level":"error","message":"Database connection failed","timestamp":"2024-07-30T18:14:45.822Z"}
{"level":"info","message":"Server running on port 5000","timestamp":"2024-07-30T18:14:49.802Z"}
{"level":"error","message":"Database connection failed","timestamp":"2024-07-30T18:14:50.811Z"}
{"level":"info","message":"Server running on port 5000","timestamp":"2024-07-30T18:15:18.540Z"}
{"level":"info","message":"Server running on port 5000","timestamp":"2024-07-30T18:15:19.825Z"}
{"level":"error","message":"Database connection failed","timestamp":"2024-07-30T18:15:20.869Z"}
{"level":"info","message":"Server running on port 5000","timestamp":"2024-07-30T18:15:28.738Z"}
{"level":"error","message":"Database connection failed","timestamp":"2024-07-30T18:15:29.689Z"}
{"level":"info","message":"Server running on port 5000","timestamp":"2024-07-30T18:15:31.386Z"}
{"level":"error","message":"Database connection failed","timestamp":"2024-07-30T18:15:32.368Z"}
{"level":"info","message":"Server running on port 5000","timestamp":"2024-07-30T18:15:33.148Z"}
{"level":"error","message":"Database connection failed","timestamp":"2024-07-30T18:15:34.463Z"}
{"level":"info","message":"Server running on port 5000","timestamp":"2024-07-30T18:15:35.511Z"}
{"level":"error","message":"Database connection failed","timestamp":"2024-07-30T18:15:36.634Z"}
{"level":"info","message":"Server running on port 5000","timestamp":"2024-07-30T18:15:42.033Z"}
{"level":"info","message":"Server running on port 5000","timestamp":"2024-07-30T18:15:44.411Z"}
{"level":"error","message":"Database connection failed","timestamp":"2024-07-30T18:15:45.436Z"}
{"level":"info","message":"Server running on port 5000","timestamp":"2024-07-30T18:15:46.452Z"}
{"level":"info","message":"Server running on port 5000","timestamp":"2024-07-30T18:15:47.727Z"}
{"level":"error","message":"Database connection failed","timestamp":"2024-07-30T18:15:48.862Z"}
{"level":"info","message":"Server running on port 5000","timestamp":"2024-07-30T18:15:52.811Z"}
{"level":"error","message":"Database connection failed","timestamp":"2024-07-30T18:15:53.967Z"}
{"level":"info","message":"Server running on port 5000","timestamp":"2024-07-30T18:15:55.378Z"}
{"level":"info","message":"Server running on port 5000","timestamp":"2024-07-30T18:15:56.544Z"}
{"level":"error","message":"Database connection failed","timestamp":"2024-07-30T18:15:57.734Z"}
{"level":"info","message":"Server running on port 5000","timestamp":"2024-07-30T18:16:04.697Z"}
{"level":"error","message":"Database connection failed","timestamp":"2024-07-30T18:16:05.847Z"}
{"level":"info","message":"Server running on port 5000","timestamp":"2024-07-30T18:16:12.126Z"}
{"level":"error","message":"Database connection failed","timestamp":"2024-07-30T18:16:13.383Z"}
{"level":"info","message":"Server running on port 5000","timestamp":"2024-07-30T18:16:24.446Z"}
{"level":"error","message":"Database connection failed","timestamp":"2024-07-30T18:16:25.666Z"}
{"level":"info","message":"Server running on port 5000","timestamp":"2024-07-30T18:16:29.585Z"}
{"level":"error","message":"Database connection failed","timestamp":"2024-07-30T18:16:30.635Z"}
{"level":"info","message":"Server running on port 5000","timestamp":"2024-07-30T18:16:34.318Z"}
{"level":"error","message":"Database connection failed","timestamp":"2024-07-30T18:16:35.630Z"}
{"level":"info","message":"Server running on port 5000","timestamp":"2024-07-30T18:16:43.689Z"}
{"level":"error","message":"Database connection failed","timestamp":"2024-07-30T18:16:44.891Z"}
{"level":"info","message":"Server running on port 5000","timestamp":"2024-07-30T18:16:48.663Z"}
{"level":"error","message":"Database connection failed","timestamp":"2024-07-30T18:16:50.025Z"}
{"level":"info","message":"Server running on port 5000","timestamp":"2024-07-30T18:16:56.851Z"}
{"level":"error","message":"Database connection failed","timestamp":"2024-07-30T18:16:58.022Z"}
{"level":"info","message":"Server running on port 5000","timestamp":"2024-07-30T18:17:28.509Z"}
{"level":"info","message":"Server running on port 5000","timestamp":"2024-07-30T18:17:33.162Z"}
{"level":"error","message":"Database connection failed","timestamp":"2024-07-30T18:17:34.263Z"}
{"level":"info","message":"Server running on port 5000","timestamp":"2024-07-30T18:18:01.964Z"}
{"level":"info","message":"Server running on port 5000","timestamp":"2024-07-30T18:18:03.271Z"}
{"level":"error","message":"Database connection failed","timestamp":"2024-07-30T18:18:04.435Z"}
{"level":"info","message":"Server running on port 5000","timestamp":"2024-07-30T18:18:20.002Z"}
{"level":"error","message":"Database connection failed","timestamp":"2024-07-30T18:18:21.086Z"}
{"level":"info","message":"Server running on port 5000","timestamp":"2024-07-30T18:18:37.499Z"}
{"level":"error","message":"Database connection failed","timestamp":"2024-07-30T18:18:38.637Z"}
{"level":"info","message":"Server running on port 5000","timestamp":"2024-07-30T18:18:52.134Z"}
{"level":"error","message":"Database connection failed","timestamp":"2024-07-30T18:18:53.232Z"}
{"level":"info","message":"Server running on port 5000","timestamp":"2024-07-30T18:19:15.752Z"}
{"level":"error","message":"Database connection failed","timestamp":"2024-07-30T18:19:16.899Z"}
{"level":"info","message":"Server running on port 5000","timestamp":"2024-07-30T18:19:24.128Z"}
{"level":"info","message":"Server running on port 5000","timestamp":"2024-07-30T18:19:25.470Z"}
{"level":"error","message":"Database connection failed","timestamp":"2024-07-30T18:19:26.602Z"}
{"level":"info","message":"Server running on port 5000","timestamp":"2024-07-30T18:20:07.704Z"}
{"level":"error","message":"Database connection failed","timestamp":"2024-07-30T18:20:07.732Z"}
{"level":"info","message":"Server running on port 5000","timestamp":"2024-07-30T18:20:18.980Z"}
{"level":"error","message":"Database connection failed","timestamp":"2024-07-30T18:20:19.001Z"}
{"level":"info","message":"Server running on port 5000","timestamp":"2024-07-30T18:20:27.661Z"}
{"level":"error","message":"Database connection failed","timestamp":"2024-07-30T18:20:27.679Z"}
{"level":"info","message":"Server running on port 5000","timestamp":"2024-07-30T18:20:35.941Z"}
{"level":"info","message":"Server running on port 5000","timestamp":"2024-07-30T18:20:39.854Z"}
{"level":"info","message":"Server running on port 5000","timestamp":"2024-07-30T18:20:51.410Z"}
{"level":"info","message":"Server running on port 5000","timestamp":"2024-07-30T18:21:00.258Z"}
{"level":"info","message":"Server running on port 5000","timestamp":"2024-07-30T18:21:13.361Z"}
{"level":"info","message":"Server running on port 5000","timestamp":"2024-07-30T18:21:28.613Z"}
{"level":"info","message":"Server running on port 5000","timestamp":"2024-07-30T18:21:30.884Z"}
{"level":"info","message":"Server running on port 5000","timestamp":"2024-07-30T18:22:19.977Z"}
{"level":"info","message":"Server running on port 5000","timestamp":"2024-07-30T18:22:31.400Z"}
{"level":"info","message":"Server running on port 5000","timestamp":"2024-07-30T18:22:56.166Z"}
{"level":"info","message":"Server running on port 5000","timestamp":"2024-07-30T18:23:19.483Z"}
{"level":"info","message":"Server running on port 5000","timestamp":"2024-07-30T18:23:36.909Z"}
{"level":"info","message":"Server running on port 5000","timestamp":"2024-07-30T18:24:11.810Z"}
{"level":"info","message":"Server running on port 5000","timestamp":"2024-07-30T18:24:13.473Z"}
{"level":"info","message":"Server running on port 5000","timestamp":"2024-07-30T18:24:16.926Z"}
{"level":"info","message":"Server running on port 5000","timestamp":"2024-07-30T18:24:18.022Z"}
{"level":"info","message":"Server running on port 5000","timestamp":"2024-07-30T18:24:39.129Z"}
{"level":"info","message":"Server running on port 5000","timestamp":"2024-07-30T18:24:54.746Z"}
{"level":"info","message":"Server running on port 5000","timestamp":"2024-07-30T18:25:01.086Z"}
{"level":"info","message":"Server running on port 5000","timestamp":"2024-07-30T18:25:23.654Z"}
{"level":"info","message":"Server running on port 5000","timestamp":"2024-07-30T18:25:30.053Z"}
{"level":"info","message":"Server running on port 5000","timestamp":"2024-07-30T18:25:35.445Z"}
{"level":"info","message":"Server running on port 5000","timestamp":"2024-07-30T18:25:54.728Z"}
