{"level":"info","message":"Server running on port 5000","timestamp":"2024-07-30T18:37:22.308Z"}
{"level":"info","message":"Server running on port 5000","timestamp":"2024-07-30T18:37:25.404Z"}
{"level":"info","message":"Server running on port 5000","timestamp":"2024-07-30T18:37:26.811Z"}
{"level":"info","message":"Server running on port 5000","timestamp":"2024-07-30T18:37:40.205Z"}
{"level":"info","message":"Server running on port 5000","timestamp":"2024-07-30T18:37:44.893Z"}
{"level":"info","message":"Server running on port 5000","timestamp":"2024-07-30T18:37:47.157Z"}
{"level":"info","message":"Server running on port 5000","timestamp":"2024-07-30T18:37:50.948Z"}
{"level":"info","message":"Server running on port 5000","timestamp":"2024-07-30T18:37:58.705Z"}
{"level":"info","message":"Server running on port 5000","timestamp":"2024-07-30T18:38:02.353Z"}
{"level":"info","message":"Server running on port 5000","timestamp":"2024-07-30T18:38:09.900Z"}
{"level":"info","message":"Server running on port 5000","timestamp":"2024-07-30T18:38:25.474Z"}
{"level":"info","message":"Server running on port 5000","timestamp":"2024-07-30T18:38:49.993Z"}
{"level":"info","message":"Server running on port 5000","timestamp":"2024-07-30T18:38:51.262Z"}
{"level":"info","message":"Server running on port 5000","timestamp":"2024-07-30T18:38:58.646Z"}
{"level":"info","message":"Server running on port 5000","timestamp":"2024-07-30T18:39:03.993Z"}
{"level":"info","message":"Server running on port 5000","timestamp":"2024-07-30T18:39:07.360Z"}
{"level":"info","message":"Server running on port 5000","timestamp":"2024-07-30T18:39:13.240Z"}
{"level":"info","message":"Server running on port 5000","timestamp":"2024-07-30T18:41:09.608Z"}
{"level":"info","message":"Server running on port 5000","timestamp":"2024-07-30T18:43:46.806Z"}
{"level":"info","message":"Server running on port 5000","timestamp":"2024-07-30T18:43:52.759Z"}
{"level":"info","message":"Server running on port 5000","timestamp":"2024-07-30T18:43:53.900Z"}
{"level":"info","message":"Server running on port 5000","timestamp":"2024-07-30T18:44:01.966Z"}
{"level":"info","message":"Server running on port 5000","timestamp":"2024-07-30T18:44:10.612Z"}
{"level":"info","message":"Server running on port 5000","timestamp":"2024-07-30T18:44:13.328Z"}
{"level":"info","message":"Server running on port 5000","timestamp":"2024-07-30T18:44:17.302Z"}
{"level":"info","message":"Server running on port 5000","timestamp":"2024-07-30T18:44:20.672Z"}
{"level":"info","message":"Server running on port 5000","timestamp":"2024-07-30T18:44:30.801Z"}
{"level":"info","message":"Server running on port 5000","timestamp":"2024-07-30T18:44:34.199Z"}
{"level":"info","message":"Server running on port 5000","timestamp":"2024-07-30T18:44:38.607Z"}
{"level":"info","message":"Server running on port 5000","timestamp":"2024-07-30T18:44:46.354Z"}
{"level":"info","message":"Server running on port 5000","timestamp":"2024-07-30T18:45:25.968Z"}
{"level":"info","message":"Server running on port 5000","timestamp":"2024-07-30T18:45:49.459Z"}
{"level":"info","message":"Server running on port 5000","timestamp":"2024-07-30T18:45:55.008Z"}
{"level":"info","message":"Server running on port 5000","timestamp":"2024-07-30T18:46:07.605Z"}
{"level":"info","message":"Server running on port 5000","timestamp":"2024-07-30T18:46:13.831Z"}
{"level":"info","message":"Server running on port 5000","timestamp":"2024-07-30T18:46:15.801Z"}
{"level":"info","message":"Server running on port 5000","timestamp":"2024-07-30T18:46:18.932Z"}
{"level":"info","message":"Server running on port 5000","timestamp":"2024-07-30T18:49:31.748Z"}
{"level":"info","message":"Server running on port 5000","timestamp":"2024-07-30T18:49:34.112Z"}
{"level":"info","message":"Server running on port 5000","timestamp":"2024-07-30T18:49:35.405Z"}
{"level":"info","message":"Server running on port 5000","timestamp":"2024-07-30T18:51:15.854Z"}
{"level":"info","message":"Server running on port 5000","timestamp":"2024-07-30T18:51:21.104Z"}
{"level":"info","message":"Server running on port 5000","timestamp":"2024-07-30T18:51:34.078Z"}
{"level":"info","message":"Server running on port 5000","timestamp":"2024-07-30T18:51:41.282Z"}
{"level":"info","message":"Server running on port 5000","timestamp":"2024-07-30T18:51:42.965Z"}
{"level":"info","message":"Server running on port 5000","timestamp":"2024-07-30T18:51:49.940Z"}
{"level":"info","message":"Server running on port 5000","timestamp":"2024-07-30T18:51:50.648Z"}
{"level":"info","message":"Server running on port 5000","timestamp":"2024-07-30T18:54:08.655Z"}
{"level":"info","message":"Server running on port 5000","timestamp":"2024-07-30T18:56:22.154Z"}
{"level":"info","message":"Server running on port 5000","timestamp":"2024-07-30T18:56:41.490Z"}
{"level":"info","message":"Server running on port 5000","timestamp":"2024-07-30T18:57:06.703Z"}
{"level":"info","message":"Server running on port 5000","timestamp":"2024-07-30T18:57:35.691Z"}
{"level":"info","message":"Server running on port 5000","timestamp":"2024-07-30T18:57:41.842Z"}
{"level":"info","message":"Server running on port 5000","timestamp":"2024-07-30T18:57:50.486Z"}
{"level":"info","message":"Server running on port 5000","timestamp":"2024-07-30T18:57:58.676Z"}
{"level":"info","message":"Server running on port 5000","timestamp":"2024-07-30T18:58:41.221Z"}
{"level":"info","message":"Server running on port 5000","timestamp":"2024-07-30T18:58:45.058Z"}
{"level":"info","message":"Server running on port 5000","timestamp":"2024-07-30T19:00:09.194Z"}
{"level":"info","message":"Server running on port 5000","timestamp":"2024-07-30T19:00:34.756Z"}
{"level":"info","message":"Server running on port 5000","timestamp":"2024-07-30T19:00:40.901Z"}
{"level":"info","message":"Server running on port 5000","timestamp":"2024-07-30T19:00:47.593Z"}
{"level":"info","message":"Server running on port 5000","timestamp":"2024-07-30T19:00:51.214Z"}
{"level":"info","message":"Server running on port 5000","timestamp":"2024-07-30T19:00:56.392Z"}
{"level":"info","message":"Server running on port 5000","timestamp":"2024-07-30T19:00:59.569Z"}
{"level":"info","message":"Server running on port 5000","timestamp":"2024-07-30T19:01:00.818Z"}
{"level":"info","message":"Server running on port 5000","timestamp":"2024-07-30T19:01:03.297Z"}
{"level":"info","message":"Server running on port 5000","timestamp":"2024-07-30T19:01:18.010Z"}
{"level":"info","message":"Server running on port 5000","timestamp":"2024-07-30T19:01:19.668Z"}
{"level":"info","message":"Server running on port 5000","timestamp":"2024-07-30T19:02:42.847Z"}
{"level":"info","message":"Server running on port 5000","timestamp":"2024-07-30T19:02:44.103Z"}
{"level":"info","message":"Server running on port 5000","timestamp":"2024-07-30T19:02:51.466Z"}
{"level":"info","message":"Server running on port 5000","timestamp":"2024-07-30T19:02:54.022Z"}
{"level":"info","message":"Server running on port 5000","timestamp":"2024-07-30T19:02:57.676Z"}
{"level":"info","message":"Server running on port 5000","timestamp":"2024-07-30T19:03:07.776Z"}
{"level":"info","message":"Server running on port 5000","timestamp":"2024-07-30T19:04:47.889Z"}
{"level":"info","message":"Server running on port 5000","timestamp":"2024-07-30T19:04:55.027Z"}
{"level":"info","message":"Server running on port 5000","timestamp":"2024-07-30T19:05:18.124Z"}
{"level":"info","message":"Server running on port 5000","timestamp":"2024-07-30T19:05:20.725Z"}
{"level":"info","message":"Server running on port 5000","timestamp":"2024-07-30T19:06:05.931Z"}
{"level":"info","message":"Server running on port 5000","timestamp":"2024-07-30T19:06:08.111Z"}
{"level":"info","message":"Server running on port 5000","timestamp":"2024-07-30T19:06:09.157Z"}
{"level":"info","message":"Server running on port 5000","timestamp":"2024-07-30T19:06:36.014Z"}
{"level":"info","message":"Server running on port 5000","timestamp":"2024-07-30T19:06:37.892Z"}
{"level":"info","message":"Server running on port 5000","timestamp":"2024-07-30T19:08:34.637Z"}
{"level":"info","message":"Server running on port 5000","timestamp":"2024-07-30T19:12:10.598Z"}
{"level":"info","message":"Server running on port 5000","timestamp":"2024-07-30T19:12:11.592Z"}
{"level":"info","message":"Server running on port 5000","timestamp":"2024-07-30T19:13:10.185Z"}
{"level":"info","message":"Server running on port 5000","timestamp":"2024-07-30T19:13:11.966Z"}
{"level":"info","message":"Server running on port 5000","timestamp":"2024-07-30T19:13:13.522Z"}
{"level":"info","message":"Server running on port 5000","timestamp":"2024-07-30T19:13:25.182Z"}
{"level":"info","message":"Server running on port 5000","timestamp":"2024-07-30T19:13:29.228Z"}
{"level":"info","message":"Server running on port 5000","timestamp":"2024-07-30T19:13:30.725Z"}
{"level":"info","message":"Server running on port 5000","timestamp":"2024-07-30T19:13:31.872Z"}
{"level":"info","message":"Server running on port 5000","timestamp":"2024-07-30T19:13:32.776Z"}
{"level":"info","message":"Server running on port 5000","timestamp":"2024-07-30T19:13:50.688Z"}
{"level":"info","message":"Server running on port 5000","timestamp":"2024-07-30T19:13:58.331Z"}
{"level":"info","message":"Server running on port 5000","timestamp":"2024-07-30T19:14:03.918Z"}
{"level":"info","message":"Server running on port 5000","timestamp":"2024-07-30T19:14:07.340Z"}
{"level":"info","message":"Server running on port 5000","timestamp":"2024-07-30T19:14:18.213Z"}
{"level":"info","message":"Server running on port 5000","timestamp":"2024-07-30T19:14:19.390Z"}
{"level":"info","message":"Server running on port 5000","timestamp":"2024-07-30T19:14:36.210Z"}
{"level":"info","message":"Server running on port 5000","timestamp":"2024-07-30T19:16:20.020Z"}
{"level":"info","message":"Server running on port 5000","timestamp":"2024-07-30T19:16:25.706Z"}
{"level":"info","message":"Server running on port 5000","timestamp":"2024-07-30T19:16:41.283Z"}
{"level":"info","message":"Server running on port 5000","timestamp":"2024-07-30T19:16:42.582Z"}
{"level":"info","message":"Server running on port 5000","timestamp":"2024-07-30T19:16:43.763Z"}
{"level":"info","message":"Server running on port 5000","timestamp":"2024-07-30T19:16:45.033Z"}
{"level":"info","message":"Server running on port 5000","timestamp":"2024-07-30T19:16:45.915Z"}
{"level":"info","message":"Server running on port 5000","timestamp":"2024-07-30T19:16:57.211Z"}
{"level":"info","message":"Server running on port 5000","timestamp":"2024-07-30T19:17:01.615Z"}
{"level":"info","message":"Server running on port 5000","timestamp":"2024-07-30T19:17:02.884Z"}
{"level":"info","message":"Server running on port 5000","timestamp":"2024-07-30T19:17:12.710Z"}
{"level":"info","message":"Server running on port 5000","timestamp":"2024-07-30T19:17:34.180Z"}
{"level":"info","message":"Server running on port 5000","timestamp":"2024-07-30T19:17:36.556Z"}
{"level":"info","message":"Server running on port 5000","timestamp":"2024-07-30T19:17:39.851Z"}
{"level":"info","message":"Server running on port 5000","timestamp":"2024-07-30T19:17:46.274Z"}
{"level":"info","message":"Server running on port 5000","timestamp":"2024-07-30T19:18:49.259Z"}
{"level":"info","message":"Server running on port 5000","timestamp":"2024-07-30T19:18:50.846Z"}
{"level":"info","message":"Server running on port 5000","timestamp":"2024-07-30T19:19:04.432Z"}
{"level":"info","message":"Server running on port 5000","timestamp":"2024-07-30T19:19:10.546Z"}
{"level":"info","message":"Server running on port 5000","timestamp":"2024-07-30T19:19:11.771Z"}
{"level":"info","message":"Server running on port 5000","timestamp":"2024-07-30T19:19:13.944Z"}
{"level":"info","message":"Server running on port 5000","timestamp":"2024-07-30T19:19:18.323Z"}
{"level":"info","message":"Server running on port 5000","timestamp":"2024-07-30T19:19:35.870Z"}
{"level":"info","message":"Server running on port 5000","timestamp":"2024-07-30T19:19:38.691Z"}
{"level":"info","message":"Server running on port 5000","timestamp":"2024-07-30T19:20:08.012Z"}
{"level":"info","message":"Server running on port 5000","timestamp":"2024-07-30T19:20:45.666Z"}
{"level":"info","message":"Server running on port 5000","timestamp":"2024-07-30T19:20:47.026Z"}
{"level":"info","message":"Server running on port 5000","timestamp":"2024-07-30T19:20:52.626Z"}
{"level":"info","message":"Server running on port 5000","timestamp":"2024-07-30T19:21:01.481Z"}
{"level":"info","message":"Server running on port 5000","timestamp":"2024-07-30T19:22:46.832Z"}
{"level":"info","message":"Server running on port 5000","timestamp":"2024-07-30T19:22:48.865Z"}
{"level":"info","message":"Server running on port 5000","timestamp":"2024-07-30T19:23:19.817Z"}
{"level":"info","message":"Server running on port 5000","timestamp":"2024-07-30T19:25:05.786Z"}
{"level":"info","message":"Server running on port 5000","timestamp":"2024-07-30T19:25:14.165Z"}
{"level":"info","message":"Server running on port 5000","timestamp":"2024-07-30T19:25:24.080Z"}
{"level":"info","message":"Server running on port 5000","timestamp":"2024-07-30T19:25:29.232Z"}
{"level":"info","message":"Server running on port 5000","timestamp":"2024-07-30T19:25:37.535Z"}
{"level":"info","message":"Server running on port 5000","timestamp":"2024-07-30T19:25:39.467Z"}
{"level":"info","message":"Server running on port 5000","timestamp":"2024-07-30T19:25:40.487Z"}
{"level":"info","message":"Server running on port 5000","timestamp":"2024-07-30T19:25:45.998Z"}
{"level":"info","message":"Server running on port 5000","timestamp":"2024-07-30T19:26:09.350Z"}
{"level":"info","message":"Server running on port 5000","timestamp":"2024-07-30T19:28:20.742Z"}
{"level":"info","message":"Server running on port 5000","timestamp":"2024-07-30T19:28:44.513Z"}
{"level":"info","message":"Server running on port 5000","timestamp":"2024-07-30T19:28:51.489Z"}
{"level":"info","message":"Server running on port 5000","timestamp":"2024-07-30T19:28:58.471Z"}
{"level":"info","message":"Server running on port 5000","timestamp":"2024-07-30T19:29:00.341Z"}
{"level":"info","message":"Server running on port 5000","timestamp":"2024-07-30T19:29:11.648Z"}
{"level":"info","message":"Server running on port 5000","timestamp":"2024-07-30T19:29:20.124Z"}
{"level":"info","message":"Server running on port 5000","timestamp":"2024-07-30T19:29:29.942Z"}
{"level":"info","message":"Server running on port 5000","timestamp":"2024-07-30T19:42:54.746Z"}
{"level":"info","message":"server running","timestamp":"2024-07-30T19:45:43.900Z"}
{"level":"info","message":"server running","timestamp":"2024-07-30T19:46:04.970Z"}
{"level":"info","message":"server running","timestamp":"2024-07-30T19:46:14.141Z"}
{"level":"info","message":"server running","timestamp":"2024-07-30T19:46:31.812Z"}
{"level":"info","message":"server running","timestamp":"2024-07-30T19:46:33.997Z"}
{"level":"info","message":"server running","timestamp":"2024-07-30T19:46:35.330Z"}
{"level":"info","message":"server running","timestamp":"2024-07-30T19:46:49.435Z"}
{"level":"info","message":"server running","timestamp":"2024-07-30T19:46:53.930Z"}
{"level":"info","message":"server running","timestamp":"2024-07-30T19:46:54.975Z"}
{"level":"info","message":"server running","timestamp":"2024-07-30T19:46:58.329Z"}
{"level":"info","message":"server running","timestamp":"2024-07-30T19:47:06.254Z"}
{"level":"info","message":"server running","timestamp":"2024-07-30T19:47:08.189Z"}
{"level":"info","message":"server running","timestamp":"2024-07-30T19:47:14.429Z"}
{"level":"info","message":"server running","timestamp":"2024-07-30T19:47:21.982Z"}
{"level":"info","message":"server running","timestamp":"2024-07-30T19:47:26.675Z"}
{"level":"info","message":"server running","timestamp":"2024-07-30T19:47:28.557Z"}
{"level":"info","message":"server running","timestamp":"2024-07-30T19:47:29.795Z"}
{"level":"info","message":"server running","timestamp":"2024-07-30T19:47:38.442Z"}
{"level":"info","message":"server running","timestamp":"2024-07-30T19:47:47.943Z"}
{"level":"info","message":"server running","timestamp":"2024-07-30T19:47:49.988Z"}
{"level":"info","message":"server running","timestamp":"2024-07-30T19:47:56.353Z"}
{"level":"info","message":"server running","timestamp":"2024-07-30T19:47:58.482Z"}
{"level":"info","message":"server running","timestamp":"2024-07-30T19:48:09.829Z"}
{"level":"info","message":"server running","timestamp":"2024-07-30T19:48:11.487Z"}
{"level":"info","message":"server running","timestamp":"2024-07-30T19:48:35.887Z"}
{"level":"info","message":"server running","timestamp":"2024-07-30T19:48:52.273Z"}
{"level":"info","message":"server running","timestamp":"2024-07-30T19:49:00.123Z"}
{"level":"info","message":"server running","timestamp":"2024-07-30T19:49:04.750Z"}
{"level":"info","message":"server running","timestamp":"2024-07-30T19:49:06.807Z"}
{"level":"info","message":"server running","timestamp":"2024-07-30T19:49:09.687Z"}
{"level":"info","message":"server running","timestamp":"2024-07-30T19:49:14.024Z"}
{"level":"info","message":"server running","timestamp":"2024-07-30T19:49:23.574Z"}
{"level":"info","message":"server running","timestamp":"2024-07-30T19:49:26.192Z"}
{"level":"info","message":"server running","timestamp":"2024-07-30T19:49:29.845Z"}
{"level":"info","message":"server running","timestamp":"2024-07-30T19:49:31.906Z"}
{"level":"info","message":"server running","timestamp":"2024-07-30T19:49:37.640Z"}
{"level":"info","message":"server running","timestamp":"2024-07-30T19:49:40.941Z"}
{"level":"info","message":"server running","timestamp":"2024-07-30T19:49:44.595Z"}
{"level":"info","message":"server running","timestamp":"2024-07-30T19:49:54.883Z"}
{"level":"info","message":"server running","timestamp":"2024-07-30T19:50:01.102Z"}
{"level":"info","message":"server running","timestamp":"2024-07-30T19:50:05.284Z"}
{"level":"info","message":"server running","timestamp":"2024-07-30T19:50:10.276Z"}
{"level":"info","message":"server running","timestamp":"2024-07-30T19:50:49.141Z"}
{"level":"info","message":"server running","timestamp":"2024-07-30T19:50:51.246Z"}
{"level":"info","message":"server running","timestamp":"2024-07-30T19:51:05.863Z"}
{"level":"info","message":"server running","timestamp":"2024-07-30T19:52:17.338Z"}
{"level":"info","message":"server running","timestamp":"2024-07-30T19:52:18.236Z"}
{"level":"info","message":"server running","timestamp":"2024-07-30T19:52:52.639Z"}
{"level":"info","message":"server running","timestamp":"2024-07-30T19:59:46.974Z"}
{"level":"info","message":"server running","timestamp":"2024-07-30T19:59:54.806Z"}
{"level":"info","message":"server running","timestamp":"2024-07-30T20:00:04.876Z"}
{"level":"info","message":"server running","timestamp":"2024-07-30T20:00:19.185Z"}
{"level":"info","message":"server running","timestamp":"2024-07-30T20:00:53.441Z"}
{"level":"info","message":"server running","timestamp":"2024-07-30T20:01:00.935Z"}
{"level":"info","message":"server running","timestamp":"2024-07-30T20:01:05.013Z"}
{"level":"info","message":"server running","timestamp":"2024-07-30T20:01:10.312Z"}
{"level":"info","message":"server running","timestamp":"2024-07-30T20:01:12.942Z"}
{"level":"info","message":"server running","timestamp":"2024-07-30T20:01:32.259Z"}
{"level":"info","message":"server running","timestamp":"2024-07-30T20:05:44.515Z"}
{"level":"info","message":"server running","timestamp":"2024-07-30T20:05:45.689Z"}
{"level":"info","message":"server running","timestamp":"2024-07-30T20:05:48.015Z"}
{"level":"info","message":"server running","timestamp":"2024-07-30T20:05:59.263Z"}
{"level":"info","message":"server running","timestamp":"2024-07-30T20:06:20.649Z"}
{"level":"info","message":"server running","timestamp":"2024-07-30T20:06:24.159Z"}
{"level":"info","message":"server running","timestamp":"2024-07-30T20:06:32.292Z"}
{"level":"info","message":"server running","timestamp":"2024-07-30T20:06:35.615Z"}
{"level":"info","message":"server running","timestamp":"2024-07-30T20:06:39.552Z"}
{"level":"info","message":"server running","timestamp":"2024-07-30T20:06:42.331Z"}
{"level":"info","message":"server running","timestamp":"2024-07-30T20:06:45.152Z"}
{"level":"info","message":"server running","timestamp":"2024-07-30T20:06:50.321Z"}
{"level":"info","message":"server running","timestamp":"2024-07-30T20:06:51.523Z"}
{"level":"info","message":"server running","timestamp":"2024-07-30T20:06:59.467Z"}
{"level":"info","message":"server running","timestamp":"2024-07-30T20:07:01.873Z"}
{"level":"info","message":"server running","timestamp":"2024-07-30T20:07:05.950Z"}
{"level":"info","message":"server running","timestamp":"2024-07-30T20:07:10.691Z"}
{"level":"info","message":"server running","timestamp":"2024-07-30T20:07:11.907Z"}
{"level":"info","message":"server running","timestamp":"2024-07-30T20:07:16.211Z"}
{"level":"info","message":"server running","timestamp":"2024-07-30T20:07:19.148Z"}
{"level":"info","message":"server running","timestamp":"2024-07-30T20:07:50.373Z"}
{"level":"info","message":"server running","timestamp":"2024-07-30T20:11:28.654Z"}
{"level":"info","message":"server running","timestamp":"2024-07-30T20:11:30.146Z"}
{"level":"info","message":"server running","timestamp":"2024-07-31T03:15:08.499Z"}
{"level":"info","message":"server running","timestamp":"2024-07-31T03:18:13.216Z"}
{"level":"info","message":"server running","timestamp":"2024-07-31T03:18:20.931Z"}
{"level":"info","message":"server running","timestamp":"2024-07-31T03:18:24.992Z"}
{"level":"info","message":"server running","timestamp":"2024-07-31T03:18:26.134Z"}
{"level":"info","message":"server running","timestamp":"2024-07-31T03:18:27.106Z"}
{"level":"info","message":"server running","timestamp":"2024-07-31T03:18:47.185Z"}
{"level":"info","message":"server running","timestamp":"2024-07-31T03:18:55.650Z"}
{"level":"info","message":"server running","timestamp":"2024-07-31T03:19:08.464Z"}
{"level":"info","message":"server running","timestamp":"2024-07-31T03:21:08.690Z"}
{"level":"info","message":"server running","timestamp":"2024-07-31T03:21:56.702Z"}
{"level":"info","message":"server running","timestamp":"2024-07-31T03:21:59.289Z"}
{"level":"info","message":"server running","timestamp":"2024-07-31T03:22:03.737Z"}
{"level":"info","message":"server running","timestamp":"2024-07-31T03:22:08.150Z"}
{"level":"info","message":"server running","timestamp":"2024-07-31T03:22:18.679Z"}
{"level":"info","message":"server running","timestamp":"2024-07-31T03:23:00.733Z"}
{"level":"info","message":"server running","timestamp":"2024-07-31T03:23:38.560Z"}
{"code":"ERR_HTTP_HEADERS_SENT","level":"error","timestamp":"2024-07-31T03:23:47.272Z"}
{"level":"info","message":"server running","timestamp":"2024-07-31T03:24:58.204Z"}
{"level":"info","message":"server running","timestamp":"2024-07-31T03:25:10.808Z"}
{"code":"ERR_HTTP_HEADERS_SENT","level":"error","timestamp":"2024-07-31T03:25:12.703Z"}
{"level":"info","message":"server running","timestamp":"2024-07-31T03:26:44.603Z"}
{"level":"info","message":"server running","timestamp":"2024-07-31T03:26:52.162Z"}
{"level":"info","message":"server running","timestamp":"2024-07-31T03:26:55.218Z"}
{"level":"info","message":"server running","timestamp":"2024-07-31T03:26:58.028Z"}
{"level":"info","message":"server running","timestamp":"2024-07-31T03:27:02.287Z"}
{"level":"info","message":"server running","timestamp":"2024-07-31T03:27:06.310Z"}
{"level":"info","message":"server running","timestamp":"2024-07-31T03:27:11.527Z"}
{"level":"info","message":"server running","timestamp":"2024-07-31T03:27:15.090Z"}
{"level":"info","message":"Movie already exists","timestamp":"2024-07-31T03:27:17.642Z"}
{"level":"info","message":"server running","timestamp":"2024-07-31T03:28:32.544Z"}
{"level":"info","message":"server running","timestamp":"2024-07-31T03:28:41.873Z"}
{"level":"info","message":"server running","timestamp":"2024-07-31T03:28:47.411Z"}
{"level":"info","message":"server running","timestamp":"2024-07-31T03:28:52.812Z"}
{"level":"info","message":"server running","timestamp":"2024-07-31T03:28:56.977Z"}
{"level":"info","message":"server running","timestamp":"2024-07-31T03:29:02.082Z"}
{"level":"info","message":"server running","timestamp":"2024-07-31T03:29:07.039Z"}
{"level":"error","timestamp":"2024-07-31T03:29:16.111Z"}
{"level":"info","message":"server running","timestamp":"2024-07-31T03:29:25.577Z"}
{"level":"info","message":"server running","timestamp":"2024-07-31T03:29:27.725Z"}
{"level":"info","message":"Movie already exists","timestamp":"2024-07-31T03:29:31.420Z"}
{"level":"info","message":"server running","timestamp":"2024-07-31T03:30:28.491Z"}
{"level":"info","message":"server running","timestamp":"2024-07-31T03:30:31.724Z"}
{"level":"info","message":"server running","timestamp":"2024-07-31T03:30:43.170Z"}
{"level":"info","message":"Movie already exists","timestamp":"2024-07-31T03:30:50.697Z"}
{"level":"info","message":"server running","timestamp":"2024-07-31T03:31:56.958Z"}
{"level":"info","message":"Movie already exists","timestamp":"2024-07-31T03:32:02.892Z"}
{"level":"info","message":"server running","timestamp":"2024-07-31T03:33:40.984Z"}
{"level":"info","message":"server running","timestamp":"2024-07-31T03:33:42.106Z"}
{"level":"info","message":"server running","timestamp":"2024-07-31T03:33:44.491Z"}
{"level":"info","message":"server running","timestamp":"2024-07-31T03:33:45.938Z"}
{"level":"info","message":"Movie already exists","timestamp":"2024-07-31T03:33:51.194Z"}
{"level":"info","message":"server running","timestamp":"2024-07-31T03:34:08.987Z"}
{"level":"info","message":"server running","timestamp":"2024-07-31T03:34:45.335Z"}
{"level":"info","message":"server running","timestamp":"2024-07-31T03:34:48.441Z"}
{"level":"info","message":"server running","timestamp":"2024-07-31T03:34:50.293Z"}
{"level":"info","message":"server running","timestamp":"2024-07-31T03:37:42.373Z"}
{"level":"info","message":"Movie already exists","timestamp":"2024-07-31T03:37:42.557Z"}
{"level":"info","message":"server running","timestamp":"2024-07-31T03:38:01.619Z"}
{"level":"info","message":"server running","timestamp":"2024-07-31T03:51:42.024Z"}
{"level":"info","message":"Movie already exists","timestamp":"2024-07-31T03:51:47.119Z"}
{"level":"info","message":"server running","timestamp":"2024-07-31T03:52:27.432Z"}
{"level":"info","message":"server running","timestamp":"2024-07-31T03:52:45.318Z"}
{"level":"info","message":"server running","timestamp":"2024-07-31T03:52:47.363Z"}
{"level":"info","message":"server running","timestamp":"2024-07-31T03:52:49.251Z"}
{"level":"info","message":"Movie already exists","timestamp":"2024-07-31T03:52:52.195Z"}
{"level":"info","message":"server running","timestamp":"2024-07-31T03:53:12.344Z"}
{"level":"info","message":"server running","timestamp":"2024-07-31T03:53:26.776Z"}
{"level":"info","message":"server running","timestamp":"2024-07-31T03:53:31.885Z"}
{"level":"info","message":"server running","timestamp":"2024-07-31T03:53:34.894Z"}
{"level":"error","timestamp":"2024-07-31T03:53:39.523Z"}
{"level":"info","message":"server running","timestamp":"2024-07-31T03:53:52.857Z"}
{"level":"info","message":"server running","timestamp":"2024-07-31T03:55:24.224Z"}
{"level":"info","message":"server running","timestamp":"2024-07-31T03:55:26.479Z"}
{"level":"info","message":"server running","timestamp":"2024-07-31T03:55:31.283Z"}
{"level":"info","message":"server running","timestamp":"2024-07-31T03:55:34.795Z"}
{"level":"info","message":"server running","timestamp":"2024-07-31T03:55:55.435Z"}
{"level":"info","message":"server running","timestamp":"2024-07-31T03:56:03.707Z"}
{"level":"info","message":"server running","timestamp":"2024-07-31T03:56:14.512Z"}
{"level":"info","message":"server running","timestamp":"2024-07-31T03:56:22.260Z"}
{"level":"info","message":"server running","timestamp":"2024-07-31T03:56:28.117Z"}
{"level":"info","message":"server running","timestamp":"2024-07-31T03:56:58.443Z"}
{"level":"info","message":"server running","timestamp":"2024-07-31T03:57:03.907Z"}
{"level":"info","message":"server running","timestamp":"2024-07-31T03:57:10.338Z"}
{"level":"info","message":"server running","timestamp":"2024-07-31T03:57:27.428Z"}
{"level":"info","message":"server running","timestamp":"2024-07-31T03:57:28.825Z"}
{"level":"info","message":"server running","timestamp":"2024-07-31T03:57:40.632Z"}
{"level":"info","message":"server running","timestamp":"2024-07-31T03:57:54.352Z"}
{"level":"info","message":"server running","timestamp":"2024-07-31T03:57:56.417Z"}
{"level":"info","message":"server running","timestamp":"2024-07-31T03:57:57.226Z"}
{"level":"info","message":"server running","timestamp":"2024-07-31T03:58:39.711Z"}
{"level":"info","message":"server running","timestamp":"2024-07-31T03:58:43.089Z"}
{"level":"info","message":"server running","timestamp":"2024-07-31T03:58:48.675Z"}
{"level":"info","message":"server running","timestamp":"2024-07-31T03:58:54.794Z"}
{"level":"info","message":"server running","timestamp":"2024-07-31T03:59:00.304Z"}
{"level":"info","message":"server running","timestamp":"2024-07-31T03:59:04.698Z"}
{"level":"info","message":"server running","timestamp":"2024-07-31T03:59:09.251Z"}
{"level":"info","message":"server running","timestamp":"2024-07-31T03:59:10.806Z"}
{"level":"info","message":"server running","timestamp":"2024-07-31T03:59:14.101Z"}
{"level":"info","message":"server running","timestamp":"2024-07-31T03:59:20.331Z"}
{"level":"info","message":"server running","timestamp":"2024-07-31T03:59:37.247Z"}
{"level":"info","message":"server running","timestamp":"2024-07-31T04:00:28.171Z"}
{"level":"info","message":"server running","timestamp":"2024-07-31T04:00:29.391Z"}
{"level":"info","message":"server running","timestamp":"2024-07-31T04:00:44.895Z"}
{"level":"info","message":"server running","timestamp":"2024-07-31T04:00:51.827Z"}
{"level":"info","message":"server running","timestamp":"2024-07-31T04:00:56.247Z"}
{"level":"info","message":"server running","timestamp":"2024-07-31T04:00:59.536Z"}
{"level":"info","message":"server running","timestamp":"2024-07-31T04:01:28.783Z"}
{"level":"info","message":"server running","timestamp":"2024-07-31T04:01:44.235Z"}
{"level":"info","message":"server running","timestamp":"2024-07-31T04:02:01.518Z"}
{"level":"info","message":"server running","timestamp":"2024-07-31T04:03:15.766Z"}
{"level":"info","message":"server running","timestamp":"2024-07-31T04:03:18.995Z"}
{"level":"info","message":"server running","timestamp":"2024-07-31T04:03:22.016Z"}
{"level":"info","message":"server running","timestamp":"2024-07-31T04:03:24.662Z"}
{"level":"info","message":"server running","timestamp":"2024-07-31T04:03:40.586Z"}
{"level":"info","message":"server running","timestamp":"2024-07-31T04:03:42.026Z"}
{"level":"info","message":"server running","timestamp":"2024-07-31T04:03:49.285Z"}
{"level":"info","message":"server running","timestamp":"2024-07-31T04:03:55.570Z"}
{"level":"info","message":"server running","timestamp":"2024-07-31T04:03:57.409Z"}
{"level":"info","message":"server running","timestamp":"2024-07-31T04:04:00.915Z"}
{"level":"info","message":"server running","timestamp":"2024-07-31T04:04:02.763Z"}
{"level":"info","message":"server running","timestamp":"2024-07-31T04:04:03.908Z"}
{"level":"info","message":"server running","timestamp":"2024-07-31T04:04:06.435Z"}
{"level":"info","message":"server running","timestamp":"2024-07-31T04:04:08.020Z"}
{"level":"info","message":"server running","timestamp":"2024-07-31T04:04:10.377Z"}
{"level":"info","message":"server running","timestamp":"2024-07-31T04:04:11.367Z"}
{"level":"info","message":"server running","timestamp":"2024-07-31T04:04:13.199Z"}
{"level":"info","message":"server running","timestamp":"2024-07-31T04:04:14.797Z"}
{"level":"info","message":"server running","timestamp":"2024-07-31T04:04:16.277Z"}
{"level":"info","message":"server running","timestamp":"2024-07-31T04:04:23.097Z"}
{"level":"info","message":"server running","timestamp":"2024-07-31T04:04:25.674Z"}
{"level":"info","message":"server running","timestamp":"2024-07-31T04:04:27.183Z"}
{"level":"info","message":"server running","timestamp":"2024-07-31T04:04:33.440Z"}
{"level":"info","message":"server running","timestamp":"2024-07-31T04:04:38.055Z"}
{"level":"info","message":"server running","timestamp":"2024-07-31T04:04:41.442Z"}
{"level":"info","message":"server running","timestamp":"2024-07-31T04:04:43.511Z"}
{"level":"info","message":"server running","timestamp":"2024-07-31T04:05:15.435Z"}
{"level":"info","message":"server running","timestamp":"2024-07-31T04:05:35.961Z"}
{"level":"info","message":"server running","timestamp":"2024-07-31T04:05:37.646Z"}
{"level":"info","message":"server running","timestamp":"2024-07-31T04:05:39.499Z"}
{"level":"info","message":"server running","timestamp":"2024-07-31T04:05:40.600Z"}
{"level":"info","message":"server running","timestamp":"2024-07-31T04:05:44.020Z"}
{"level":"info","message":"server running","timestamp":"2024-07-31T04:10:46.308Z"}
{"level":"info","message":"server running","timestamp":"2024-07-31T04:12:18.447Z"}
{"level":"info","message":"server running","timestamp":"2024-07-31T04:12:20.761Z"}
{"level":"info","message":"server running","timestamp":"2024-07-31T04:12:22.661Z"}
{"level":"info","message":"server running","timestamp":"2024-07-31T04:12:39.601Z"}
{"level":"info","message":"server running","timestamp":"2024-07-31T04:13:11.340Z"}
{"level":"info","message":"server running","timestamp":"2024-07-31T04:13:17.924Z"}
{"level":"info","message":"server running","timestamp":"2024-07-31T04:13:21.619Z"}
{"level":"info","message":"server running","timestamp":"2024-07-31T04:13:32.851Z"}
{"level":"info","message":"server running","timestamp":"2024-07-31T04:13:38.448Z"}
{"level":"info","message":"server running","timestamp":"2024-07-31T04:13:43.309Z"}
