{"level":"info","message":"Database initialized with moviesList.json file","timestamp":"2024-07-29T10:36:30.421Z"}
{"level":"info","message":"Database initialized with moviesList.json file","timestamp":"2024-07-29T10:36:36.353Z"}
{"level":"info","message":"Database initialized with moviesList.json file","timestamp":"2024-07-29T10:36:41.039Z"}
{"level":"info","message":"Database initialized with moviesList.json file","timestamp":"2024-07-29T10:36:50.969Z"}
{"level":"info","message":"Database initialized with moviesList.json file","timestamp":"2024-07-29T10:36:53.360Z"}
{"level":"info","message":"Database initialized with moviesList.json file","timestamp":"2024-07-29T10:37:01.538Z"}
{"level":"info","message":"Database initialized with moviesList.json file","timestamp":"2024-07-29T11:03:23.259Z"}
{"level":"info","message":"Database initialized with moviesList.json file","timestamp":"2024-07-29T11:03:26.581Z"}
{"level":"info","message":"Database initialized with moviesList.json file","timestamp":"2024-07-29T11:03:32.912Z"}
{"level":"info","message":"Movies fetched successfully!!","timestamp":"2024-07-29T11:04:15.894Z"}
{"level":"info","message":"Movie added successfully","movie":{"__v":0,"_id":"66a7774430ee70debbec444f","img":"data\\images\\image_1.jpeg-1722251076836.jpeg","name":"Harry Potter and the Order of the Phoenix 1234","summary":"Harry Potter and Dumbledore's warning about the return of Lord Voldemort is not heeded by the wizard authorities who, in turn,look to undermine Dumbledore's authority at Hogwarts and discredit Harry"},"timestamp":"2024-07-29T11:04:37.075Z"}
{"level":"info","message":"Database initialized with moviesList.json file","timestamp":"2024-07-29T11:05:08.935Z"}
{"level":"info","message":"Movie added successfully","movie":{"__v":0,"_id":"66a77769bbbd8c240cbf362d","img":"data\\images\\image_1.jpeg","name":"Harry Potter and the Order of the Phoenix 1234","summary":"Harry Potter and Dumbledore's warning about the return of Lord Voldemort is not heeded by the wizard authorities who, in turn,look to undermine Dumbledore's authority at Hogwarts and discredit Harry"},"timestamp":"2024-07-29T11:05:13.487Z"}
{"level":"info","message":"Movies fetched successfully!!","timestamp":"2024-07-29T11:05:21.574Z"}
{"level":"info","message":"Movie already exists","timestamp":"2024-07-29T11:05:28.626Z"}
{"level":"info","message":"Movie added successfully","movie":{"__v":0,"_id":"66a77780bbbd8c240cbf3632","img":"data\\images\\image_1.jpeg","name":"Harry Potter and the Order of the Phoenix 123","summary":"Harry Potter and Dumbledore's warning about the return of Lord Voldemort is not heeded by the wizard authorities who, in turn,look to undermine Dumbledore's authority at Hogwarts and discredit Harry"},"timestamp":"2024-07-29T11:05:36.118Z"}
{"level":"info","message":"Images folder created","timestamp":"2024-07-29T11:06:03.060Z"}
{"level":"info","message":"Database initialized with moviesList.json file","timestamp":"2024-07-29T11:06:06.794Z"}
{"level":"info","message":"Movie added successfully","movie":{"__v":0,"_id":"66a777a50a282454a6cfd4e6","img":"data\\images\\image_1.jpeg","name":"Harry Potter and the Order of the Phoenix 1235","summary":"Harry Potter and Dumbledore's warning about the return of Lord Voldemort is not heeded by the wizard authorities who, in turn,look to undermine Dumbledore's authority at Hogwarts and discredit Harry"},"timestamp":"2024-07-29T11:06:13.514Z"}
{"level":"info","message":"Movie added successfully","movie":{"__v":0,"_id":"66a777b30a282454a6cfd4e9","img":"data\\images\\image_1.jpeg","name":"Harry Potter and the Order of the Phoenix 1","summary":"Harry Potter and Dumbledore's warning about the return of Lord Voldemort is not heeded by the wizard authorities who, in turn,look to undermine Dumbledore's authority at Hogwarts and discredit Harry"},"timestamp":"2024-07-29T11:06:27.489Z"}
{"level":"info","message":"Movie already exists","timestamp":"2024-07-29T11:06:41.921Z"}
{"level":"info","message":"Movie added successfully","movie":{"__v":0,"_id":"66a777ca0a282454a6cfd4ed","img":"data\\images\\image_2.jpeg","name":"Harry Potter and the Order of the Phoenix 2","summary":"Harry Potter and Dumbledore's warning about the return of Lord Voldemort is not heeded by the wizard authorities who, in turn,look to undermine Dumbledore's authority at Hogwarts and discredit Harry"},"timestamp":"2024-07-29T11:06:50.794Z"}
{"level":"info","message":"Movies fetched successfully!!","timestamp":"2024-07-29T11:07:11.384Z"}
{"level":"info","message":"Database initialized with moviesList.json file","timestamp":"2024-07-29T11:08:11.162Z"}
{"level":"info","message":"Database initialized with moviesList.json file","timestamp":"2024-07-29T11:08:19.008Z"}
{"level":"error","timestamp":"2024-07-29T11:10:44.925Z"}
{"level":"info","message":"Database initialized with moviesList.json file","timestamp":"2024-07-29T11:12:36.727Z"}
{"level":"info","message":"Database initialized with moviesList.json file","timestamp":"2024-07-29T11:12:44.882Z"}
{"level":"error","timestamp":"2024-07-29T11:12:58.808Z"}
{"level":"info","message":"Database initialized with moviesList.json file","timestamp":"2024-07-29T11:12:59.132Z"}
{"level":"error","timestamp":"2024-07-29T11:13:08.417Z"}
{"level":"info","message":"Movies fetched successfully!!","timestamp":"2024-07-29T11:13:12.110Z"}
{"level":"info","message":"Database initialized with moviesList.json file","timestamp":"2024-07-29T11:13:34.278Z"}
{"level":"info","message":"Database initialized with moviesList.json file","timestamp":"2024-07-29T11:13:48.211Z"}
{"level":"info","message":"Movies fetched successfully!!","timestamp":"2024-07-29T11:13:51.707Z"}
{"level":"error","timestamp":"2024-07-29T11:13:57.556Z"}
{"level":"error","timestamp":"2024-07-29T11:14:27.195Z"}
{"level":"info","message":"Database initialized with moviesList.json file","timestamp":"2024-07-29T11:14:28.583Z"}
{"level":"error","timestamp":"2024-07-29T11:15:47.547Z"}
{"level":"info","message":"Database initialized with moviesList.json file","timestamp":"2024-07-29T11:16:12.066Z"}
{"level":"info","message":"Database initialized with moviesList.json file","timestamp":"2024-07-29T11:16:18.017Z"}
{"level":"info","message":"Database initialized with moviesList.json file","timestamp":"2024-07-29T11:16:24.611Z"}
{"level":"info","message":"Database initialized with moviesList.json file","timestamp":"2024-07-29T11:16:33.389Z"}
{"level":"info","message":"Database initialized with moviesList.json file","timestamp":"2024-07-29T11:16:38.351Z"}
{"level":"info","message":"Database initialized with moviesList.json file","timestamp":"2024-07-29T11:16:57.960Z"}
{"level":"error","message":"Movie not found","timestamp":"2024-07-29T11:16:58.683Z"}
{"level":"info","message":"Movies fetched successfully!!","timestamp":"2024-07-29T11:17:05.515Z"}
{"level":"error","timestamp":"2024-07-29T11:17:14.926Z"}
{"level":"error","timestamp":"2024-07-29T11:17:48.651Z"}
{"level":"error","timestamp":"2024-07-29T11:18:09.706Z"}
{"level":"info","message":"Database initialized with moviesList.json file","timestamp":"2024-07-29T11:18:31.798Z"}
{"level":"info","message":"Movies fetched successfully!!","timestamp":"2024-07-29T11:18:44.641Z"}
{"level":"error","timestamp":"2024-07-29T11:18:53.896Z"}
{"level":"info","message":"Database initialized with moviesList.json file","timestamp":"2024-07-29T11:19:11.559Z"}
{"level":"error","message":"Movie not found","timestamp":"2024-07-29T11:19:14.771Z"}
{"level":"info","message":"Movies fetched successfully!!","timestamp":"2024-07-29T11:19:22.183Z"}
{"level":"info","message":"Movie updated successfully!!","movie":{"__v":0,"_id":"66a77aaf7d89b8c3a9c43633","img":"https://bit.ly/2Pzczlb","name":"Avengers: Endgame","summary":"Adrift in space with no food or water, Tony Stark sends a message to Pepper Potts as his oxygen supply starts to dwindle. Meanwhile, the remaining Avengers -- Thor, Black Widow, Captain America, and Bruce Banner -- must figure out a way to bring back their vanquished allies for an epic showdown with Thanos -- the evil demigod who decimated the planet and the universe."},"timestamp":"2024-07-29T11:19:30.276Z"}
{"level":"info","message":"Database initialized with moviesList.json file","timestamp":"2024-07-29T11:19:45.155Z"}
{"level":"info","message":"Database initialized with moviesList.json file","timestamp":"2024-07-29T11:19:57.074Z"}
{"level":"info","message":"Database initialized with moviesList.json file","timestamp":"2024-07-29T11:20:08.813Z"}
{"level":"info","message":"Movies fetched successfully!!","timestamp":"2024-07-29T11:20:10.891Z"}
{"level":"info","message":"Database initialized with moviesList.json file","timestamp":"2024-07-29T11:20:35.406Z"}
{"level":"info","message":"Database initialized with moviesList.json file","timestamp":"2024-07-29T11:20:40.139Z"}
{"level":"info","message":"Database initialized with moviesList.json file","timestamp":"2024-07-29T11:20:44.020Z"}
{"level":"info","message":"Movies fetched successfully!!","timestamp":"2024-07-29T11:20:45.261Z"}
{"level":"error","timestamp":"2024-07-29T11:20:53.169Z"}
{"level":"info","message":"Database initialized with moviesList.json file","timestamp":"2024-07-29T11:21:05.694Z"}
{"level":"info","message":"Movies fetched successfully!!","timestamp":"2024-07-29T11:21:07.915Z"}
{"_message":"Movie validation failed","errors":{"name":{"kind":"required","message":"Path `name` is required.","name":"ValidatorError","path":"name","properties":{"message":"Path `name` is required.","path":"name","type":"required"}},"summary":{"kind":"required","message":"Path `summary` is required.","name":"ValidatorError","path":"summary","properties":{"message":"Path `summary` is required.","path":"summary","type":"required"}}},"level":"error","message":"Movie validation failed: name: Path `name` is required., summary: Path `summary` is required.","name":"ValidationError","timestamp":"2024-07-29T11:21:14.441Z"}
{"level":"info","message":"Database initialized with moviesList.json file","timestamp":"2024-07-29T11:22:10.654Z"}
{"level":"info","message":"Database initialized with moviesList.json file","timestamp":"2024-07-29T11:22:20.403Z"}
{"level":"error","message":"Movie not found","timestamp":"2024-07-29T11:22:20.878Z"}
{"level":"info","message":"Movies fetched successfully!!","timestamp":"2024-07-29T11:22:25.026Z"}
{"_message":"Movie validation failed","errors":{"name":{"kind":"required","message":"Path `name` is required.","name":"ValidatorError","path":"name","properties":{"message":"Path `name` is required.","path":"name","type":"required"}},"summary":{"kind":"required","message":"Path `summary` is required.","name":"ValidatorError","path":"summary","properties":{"message":"Path `summary` is required.","path":"summary","type":"required"}}},"level":"error","message":"Movie validation failed: name: Path `name` is required., summary: Path `summary` is required.","name":"ValidationError","timestamp":"2024-07-29T11:22:31.605Z"}
{"level":"info","message":"Database initialized with moviesList.json file","timestamp":"2024-07-29T11:23:41.038Z"}
{"level":"info","message":"Database initialized with moviesList.json file","timestamp":"2024-07-29T11:23:45.176Z"}
{"level":"info","message":"Database initialized with moviesList.json file","timestamp":"2024-07-29T11:24:05.276Z"}
{"level":"error","timestamp":"2024-07-29T11:24:29.337Z"}
{"level":"info","message":"Database initialized with moviesList.json file","timestamp":"2024-07-29T11:24:55.534Z"}
{"level":"info","message":"Movies fetched successfully!!","timestamp":"2024-07-29T11:25:02.392Z"}
{"level":"info","message":"Movie added successfully","movie":{"__v":0,"_id":"66a77c23df370c11a72a36be","img":"data\\images\\image_2.jpeg","name":"New movie 123","summary":"Harry Potter and Dumbledore's warning about the return of Lord Voldemort is not heeded by the wizard authorities who, in turn,look to undermine Dumbledore's authority at Hogwarts and discredit Harry"},"timestamp":"2024-07-29T11:25:27.783Z"}
{"level":"info","message":"Database initialized with moviesList.json file","timestamp":"2024-07-29T11:26:21.336Z"}
{"level":"info","message":"Database initialized with moviesList.json file","timestamp":"2024-07-29T11:26:25.543Z"}
{"level":"info","message":"Database initialized with moviesList.json file","timestamp":"2024-07-29T11:26:29.401Z"}
{"level":"info","message":"Database initialized with moviesList.json file","timestamp":"2024-07-29T11:26:37.414Z"}
{"level":"info","message":"Movie added successfully","movie":{"__v":0,"_id":"66a77c74bb35731767392314","img":"data\\images\\image_2.jpeg","name":"New movie 123","summary":"Harry Potter and Dumbledore's warning about the return of Lord Voldemort is not heeded by the wizard authorities who, in turn,look to undermine Dumbledore's authority at Hogwarts and discredit Harry"},"timestamp":"2024-07-29T11:26:44.790Z"}
{"level":"info","message":"Movie already exists","timestamp":"2024-07-29T11:26:46.647Z"}
{"level":"info","message":"Movies fetched successfully!!","timestamp":"2024-07-29T11:26:50.759Z"}
{"level":"error","timestamp":"2024-07-29T11:26:57.779Z"}
{"level":"info","message":"Database initialized with moviesList.json file","timestamp":"2024-07-29T11:27:09.272Z"}
{"level":"info","message":"Database initialized with moviesList.json file","timestamp":"2024-07-29T11:27:13.452Z"}
{"level":"info","message":"Movies fetched successfully!!","timestamp":"2024-07-29T11:27:15.729Z"}
{"level":"error","timestamp":"2024-07-29T11:27:26.975Z"}
{"level":"info","message":"Database initialized with moviesList.json file","timestamp":"2024-07-29T11:27:49.590Z"}
{"level":"info","message":"Movies fetched successfully!!","timestamp":"2024-07-29T11:27:50.564Z"}
{"level":"info","message":"Movie updated successfully!!","movie":{"__v":0,"_id":"66a77cb50f6f46ed6147bca6","img":"https://bit.ly/2IcnSwz","name":"Harry Potter and the Order of the Phoenix","summary":"Harry Potter and Dumbledore's warning about the return of Lord Voldemort is not heeded by the wizard authorities who, in turn, look to undermine Dumbledore's authority at Hogwarts and discredit Harry."},"timestamp":"2024-07-29T11:27:56.697Z"}
{"level":"info","message":"Database initialized with moviesList.json file","timestamp":"2024-07-29T11:28:23.631Z"}
{"level":"info","message":"Database initialized with moviesList.json file","timestamp":"2024-07-29T11:28:27.929Z"}
{"level":"error","message":"Movie not found","timestamp":"2024-07-29T11:28:28.342Z"}
{"level":"info","message":"Movies fetched successfully!!","timestamp":"2024-07-29T11:28:31.298Z"}
{"_message":"Movie validation failed","errors":{"name":{"kind":"required","message":"Path `name` is required.","name":"ValidatorError","path":"name","properties":{"message":"Path `name` is required.","path":"name","type":"required"}},"summary":{"kind":"required","message":"Path `summary` is required.","name":"ValidatorError","path":"summary","properties":{"message":"Path `summary` is required.","path":"summary","type":"required"}}},"level":"error","message":"Movie validation failed: name: Path `name` is required., summary: Path `summary` is required.","name":"ValidationError","timestamp":"2024-07-29T11:28:37.338Z"}
{"level":"info","message":"Database initialized with moviesList.json file","timestamp":"2024-07-29T11:30:09.986Z"}
{"level":"info","message":"Database initialized with moviesList.json file","timestamp":"2024-07-29T11:30:13.928Z"}
{"level":"info","message":"Database initialized with moviesList.json file","timestamp":"2024-07-29T11:31:13.571Z"}
{"level":"info","message":"Database initialized with moviesList.json file","timestamp":"2024-07-29T11:31:22.870Z"}
{"level":"info","message":"Database initialized with moviesList.json file","timestamp":"2024-07-29T11:31:40.792Z"}
{"level":"info","message":"Database initialized with moviesList.json file","timestamp":"2024-07-29T11:31:44.892Z"}
{"level":"info","message":"Database initialized with moviesList.json file","timestamp":"2024-07-29T11:31:51.798Z"}
{"level":"info","message":"Database initialized with moviesList.json file","timestamp":"2024-07-29T11:31:54.020Z"}
{"level":"info","message":"Database initialized with moviesList.json file","timestamp":"2024-07-29T11:31:59.629Z"}
{"level":"info","message":"Database initialized with moviesList.json file","timestamp":"2024-07-29T11:32:11.528Z"}
{"level":"info","message":"Movies fetched successfully!!","timestamp":"2024-07-29T11:32:12.390Z"}
{"level":"error","timestamp":"2024-07-29T11:32:19.317Z"}
{"level":"info","message":"Database initialized with moviesList.json file","timestamp":"2024-07-29T11:32:33.360Z"}
{"level":"info","message":"Movies fetched successfully!!","timestamp":"2024-07-29T11:32:35.211Z"}
{"level":"error","timestamp":"2024-07-29T11:32:40.517Z"}
{"level":"info","message":"Database initialized with moviesList.json file","timestamp":"2024-07-29T11:32:53.019Z"}
{"level":"info","message":"Movies fetched successfully!!","timestamp":"2024-07-29T11:32:55.025Z"}
{"level":"info","message":"Movie updated successfully!!","timestamp":"2024-07-29T11:33:01.592Z"}
{"level":"error","timestamp":"2024-07-29T11:33:01.595Z"}
{"level":"info","message":"Database initialized with moviesList.json file","timestamp":"2024-07-29T11:33:15.373Z"}
{"level":"info","message":"Movies fetched successfully!!","timestamp":"2024-07-29T11:33:16.060Z"}
{"level":"info","message":"Movie updated successfully!!","timestamp":"2024-07-29T11:33:22.442Z"}
{"level":"info","message":"Movies fetched successfully!!","timestamp":"2024-07-29T11:33:26.492Z"}
{"level":"info","message":"Database initialized with moviesList.json file","timestamp":"2024-07-29T11:34:10.120Z"}
{"level":"info","message":"Database initialized with moviesList.json file","timestamp":"2024-07-29T11:34:23.643Z"}
{"level":"info","message":"Database initialized with moviesList.json file","timestamp":"2024-07-29T11:34:29.788Z"}
{"level":"info","message":"Database initialized with moviesList.json file","timestamp":"2024-07-29T11:34:40.294Z"}
{"level":"info","message":"Database initialized with moviesList.json file","timestamp":"2024-07-29T11:34:46.175Z"}
{"level":"info","message":"Movies fetched successfully!!","timestamp":"2024-07-29T11:34:50.368Z"}
{"level":"error","message":"Movie not found","timestamp":"2024-07-29T11:34:57.509Z"}
{"level":"info","message":"Database initialized with moviesList.json file","timestamp":"2024-07-29T11:35:28.712Z"}
{"level":"info","message":"Movies fetched successfully!!","timestamp":"2024-07-29T11:35:30.841Z"}
{"level":"info","message":"Database initialized with moviesList.json file","timestamp":"2024-07-29T11:36:17.241Z"}
{"level":"info","message":"Database initialized with moviesList.json file","timestamp":"2024-07-29T11:36:24.924Z"}
{"level":"info","message":"Database initialized with moviesList.json file","timestamp":"2024-07-29T11:36:29.722Z"}
{"level":"error","message":"Movie not found","timestamp":"2024-07-29T11:36:30.109Z"}
{"level":"info","message":"Movies fetched successfully!!","timestamp":"2024-07-29T11:36:37.765Z"}
{"level":"info","message":"Movie updated successfully!!","movie":{"__v":0,"_id":"66a77ebd41d14957438b63ba","img":"https://bit.ly/2IcnSwz","name":"Harry Potter and the Order of the Phoenix","summary":"Harry Potter and Dumbledore's warning about the return of Lord Voldemort is not heeded by the wizard authorities who, in turn, look to undermine Dumbledore's authority at Hogwarts and discredit Harry."},"timestamp":"2024-07-29T11:36:52.905Z"}
{"level":"info","message":"Database initialized with moviesList.json file","timestamp":"2024-07-29T11:37:15.389Z"}
